<?xml version="1.0" encoding="UTF-8"?>
<testng-results skipped="0" failed="0" ignored="0" total="1" passed="1">
  <reporter-output>
  </reporter-output>
  <suite name="Default suite" duration-ms="14845" started-at="2018-11-24T12:53:47Z" finished-at="2018-11-24T12:54:01Z">
    <groups>
    </groups>
    <test name="Default test" duration-ms="14845" started-at="2018-11-24T12:53:47Z" finished-at="2018-11-24T12:54:01Z">
      <class name="com.sgic.automation.pagetests.UserMangementPageTest">
        <test-method status="PASS" signature="setUp()[pri:0, instance:com.sgic.automation.pagetests.UserMangementPageTest@52feb982]" name="setUp" is-config="true" duration-ms="8276" started-at="2018-11-24T12:53:47Z" finished-at="2018-11-24T12:53:55Z">
          <reporter-output>
          </reporter-output>
        </test-method> <!-- setUp -->
        <test-method status="PASS" signature="veryfyLoadUserMangement()[pri:0, instance:com.sgic.automation.pagetests.UserMangementPageTest@52feb982]" name="veryfyLoadUserMangement" duration-ms="5804" started-at="2018-11-24T12:53:55Z" finished-at="2018-11-24T12:54:01Z">
          <reporter-output>
          </reporter-output>
        </test-method> <!-- veryfyLoadUserMangement -->
        <test-method status="PASS" signature="tearDown()[pri:0, instance:com.sgic.automation.pagetests.UserMangementPageTest@52feb982]" name="tearDown" is-config="true" duration-ms="747" started-at="2018-11-24T12:54:01Z" finished-at="2018-11-24T12:54:01Z">
          <reporter-output>
          </reporter-output>
        </test-method> <!-- tearDown -->
      </class> <!-- com.sgic.automation.pagetests.UserMangementPageTest -->
    </test> <!-- Default test -->
  </suite> <!-- Default suite -->
</testng-results>
